Arguments: 
  D:\math\nodejs\node.exe D:\math\nodejs\node_modules\node_global_modules\node_modules\yarn\bin\yarn.js remove -g typescript

PATH: 
  C:\Program Files\Git\mingw64\bin;C:\Program Files\Git\usr\bin;C:\Users\yingl\bin;D:\math\Java\jdk\bin;D:\math\Java\jdk\jre\bin;C:\Program Files (x86)\Common Files\Oracle\Java\javapath;D:\math\Python\Scripts;D:\math\Python;C:\Program Files (x86)\Intel\iCLS Client;C:\Program Files\Intel\iCLS Client;C:\Windows\system32;C:\Windows;C:\Windows\System32\Wbem;C:\Windows\System32\WindowsPowerShell\v1.0;C:\Program Files (x86)\Intel\Intel(R) Management Engine Components\DAL;C:\Program Files\Intel\Intel(R) Management Engine Components\DAL;C:\Program Files (x86)\Intel\Intel(R) Management Engine Components\IPT;C:\Program Files\Intel\Intel(R) Management Engine Components\IPT;C:\Program Files (x86)\NVIDIA Corporation\PhysX\Common;C:\WINDOWS\system32;C:\WINDOWS;C:\WINDOWS\System32\Wbem;C:\WINDOWS\System32\WindowsPowerShell\v1.0;D:\math\nodejs\node_modules\node_global_modules;D:\math\nodejs;D:\math\SVN\bin;C:\WINDOWS\System32\OpenSSH;D:\math\apache-maven-3.5.4\bin;D:\math\sqlite3;D:\math\PuttY;C:\Program Files\Git\cmd;D:\math\cmder;D:\math\TortoiseGit\bin;D:\math\Ruby\Ruby26-x64\bin;C:\Users\yingl\AppData\Local\Microsoft\WindowsApps;D:\math\Microsoft VS Code\bin;C:\Users\yingl\AppData\Roaming\npm;D:\math\nodejs\node_modules\node_global_modules;D:\math\WebStorm\bin;D:\IntelliJ IDEA Community Edition 2019.2\bin;D:\math\Docker\Docker Toolbox

Yarn version: 
  1.5.1

Node version: 
  8.10.0

Platform: 
  win32 x64

npm manifest: 
  {
    "name": "translate-cli",
    "version": "0.0.1",
    "main": "index.js",
    "scripts": {
      "start": "ts-node-dev src/main.ts"
    },
    "license": "MIT",
    "dependencies": {
      "commander": "^5.0.0",
      "md5": "^2.2.1"
    },
    "devDependencies": {
      "@types/md5": "^2.1.33",
      "@types/node": "^13.11.0"
    }
  }

yarn manifest: 
  No manifest

Lockfile: 
  # THIS IS AN AUTOGENERATED FILE. DO NOT EDIT THIS FILE DIRECTLY.
  # yarn lockfile v1
  
  
  "@types/md5@^2.1.33":
    version "2.1.33"
    resolved "https://registry.npm.taobao.org/@types/md5/download/@types/md5-2.1.33.tgz#8c8dba30df4ad0e92296424f08c4898dd808e8df"
    dependencies:
      "@types/node" "*"
  
  "@types/node@*", "@types/node@^13.11.0":
    version "13.11.0"
    resolved "https://registry.npm.taobao.org/@types/node/download/@types/node-13.11.0.tgz?cache=0&other_urls=https%3A%2F%2Fregistry.npm.taobao.org%2F%40types%2Fnode%2Fdownload%2F%40types%2Fnode-13.11.0.tgz#390ea202539c61c8fa6ba4428b57e05bc36dc47b"
  
  charenc@~0.0.1:
    version "0.0.2"
    resolved "https://registry.npm.taobao.org/charenc/download/charenc-0.0.2.tgz#c0a1d2f3a7092e03774bfa83f14c0fc5790a8667"
  
  commander@^5.0.0:
    version "5.0.0"
    resolved "https://registry.npm.taobao.org/commander/download/commander-5.0.0.tgz#dbf1909b49e5044f8fdaf0adc809f0c0722bdfd0"
  
  crypt@~0.0.1:
    version "0.0.2"
    resolved "https://registry.npm.taobao.org/crypt/download/crypt-0.0.2.tgz#88d7ff7ec0dfb86f713dc87bbb42d044d3e6c41b"
  
  is-buffer@~1.1.1:
    version "1.1.6"
    resolved "https://registry.npm.taobao.org/is-buffer/download/is-buffer-1.1.6.tgz?cache=0&sync_timestamp=1569905495687&other_urls=https%3A%2F%2Fregistry.npm.taobao.org%2Fis-buffer%2Fdownload%2Fis-buffer-1.1.6.tgz#efaa2ea9daa0d7ab2ea13a97b2b8ad51fefbe8be"
  
  md5@^2.2.1:
    version "2.2.1"
    resolved "https://registry.npm.taobao.org/md5/download/md5-2.2.1.tgz#53ab38d5fe3c8891ba465329ea23fac0540126f9"
    dependencies:
      charenc "~0.0.1"
      crypt "~0.0.1"
      is-buffer "~1.1.1"

Trace: 
  Error: Not enough arguments, expected at least 1.
      at new MessageError (D:\math\nodejs\node_modules\node_global_modules\node_modules\yarn\lib\cli.js:186:110)
      at Object.<anonymous> (D:\math\nodejs\node_modules\node_global_modules\node_modules\yarn\lib\cli.js:60368:13)
      at Generator.next (<anonymous>)
      at step (D:\math\nodejs\node_modules\node_global_modules\node_modules\yarn\lib\cli.js:98:30)
      at D:\math\nodejs\node_modules\node_global_modules\node_modules\yarn\lib\cli.js:116:14
      at new Promise (<anonymous>)
      at new F (D:\math\nodejs\node_modules\node_global_modules\node_modules\yarn\lib\cli.js:23451:28)
      at Object.<anonymous> (D:\math\nodejs\node_modules\node_global_modules\node_modules\yarn\lib\cli.js:95:12)
      at Object.run (D:\math\nodejs\node_modules\node_global_modules\node_modules\yarn\lib\cli.js:60486:17)
      at run (D:\math\nodejs\node_modules\node_global_modules\node_modules\yarn\lib\cli.js:89113:20)
